<?xml version="1.0" encoding="UTF-8"?>
<!-- Generated by org.testng.reporters.JUnitReportReporter -->
<testsuite hostname="DESKTOP-PTLF5S0" failures="0" tests="7" name="TestNg.test3" time="0.018" errors="0" timestamp="2023-05-19T20:55:42 IST" skipped="1">
  <testcase classname="TestNg.test3" name="chats" time="0.011"/>
  <system-out>
    <![CDATA[chats]]>
  </system-out>
  <testcase classname="TestNg.test3" name="calls" time="0.002"/>
  <system-out>
    <![CDATA[calls]]>
  </system-out>
  <testcase classname="TestNg.test3" name="calls" time="0.002"/>
  <system-out>
    <![CDATA[calls]]>
  </system-out>
  <testcase classname="TestNg.test3" name="calls" time="0.001"/>
  <system-out>
    <![CDATA[calls]]>
  </system-out>
  <testcase classname="TestNg.test3" name="calls" time="0.001"/>
  <system-out>
    <![CDATA[calls]]>
  </system-out>
  <testcase classname="TestNg.test3" name="calls" time="0.001"/>
  <system-out>
    <![CDATA[calls]]>
  </system-out>
  <testcase classname="TestNg.test3" name="settings">
    <skipped/>
  </testcase> <!-- settings -->
  <system-out/>
</testsuite> <!-- TestNg.test3 -->
