<?xml version="1.0" encoding="UTF-8"?>
<!-- Generated by org.testng.reporters.JUnitReportReporter -->
<testsuite hostname="DESKTOP-PTLF5S0" failures="0" tests="7" name="TestNg.test2" time="0.016" errors="0" timestamp="2023-05-19T20:47:33 IST" skipped="0">
  <testcase classname="TestNg.test2" name="chats" time="0.011"/>
  <system-out>
    <![CDATA[chats]]>
  </system-out>
  <testcase classname="TestNg.test2" name="settings" time="0.001"/>
  <system-out>
    <![CDATA[settings]]>
  </system-out>
  <testcase classname="TestNg.test2" name="calls" time="0.000"/>
  <system-out>
    <![CDATA[calls]]>
  </system-out>
  <testcase classname="TestNg.test2" name="calls" time="0.001"/>
  <system-out>
    <![CDATA[calls]]>
  </system-out>
  <testcase classname="TestNg.test2" name="calls" time="0.001"/>
  <system-out>
    <![CDATA[calls]]>
  </system-out>
  <testcase classname="TestNg.test2" name="calls" time="0.001"/>
  <system-out>
    <![CDATA[calls]]>
  </system-out>
  <testcase classname="TestNg.test2" name="calls" time="0.001"/>
  <system-out>
    <![CDATA[calls]]>
  </system-out>
</testsuite> <!-- TestNg.test2 -->
