<?xml version="1.0" encoding="UTF-8"?>
<!-- Generated by org.testng.reporters.JUnitReportReporter -->
<testsuite hostname="DESKTOP-PTLF5S0" failures="0" tests="3" name="TestNg.test1" time="0.014" errors="0" timestamp="2023-05-19T20:26:49 IST" skipped="0">
  <testcase classname="TestNg.test1" name="chats" time="0.011"/>
  <system-out>
    <![CDATA[chats]]>
  </system-out>
  <testcase classname="TestNg.test1" name="settings" time="0.001"/>
  <system-out>
    <![CDATA[settings]]>
  </system-out>
  <testcase classname="TestNg.test1" name="calls" time="0.002"/>
  <system-out>
    <![CDATA[calls]]>
  </system-out>
</testsuite> <!-- TestNg.test1 -->
