<?xml version="1.0" encoding="UTF-8"?>
<!-- Generated by org.testng.reporters.JUnitReportReporter -->
<testsuite hostname="DESKTOP-PTLF5S0" failures="0" tests="1" name="TestNg.testcase2" time="3.802" errors="0" timestamp="2023-05-24T18:12:58 IST" skipped="0">
  <testcase classname="TestNg.testcase2" name="tc2" time="3.802"/>
  <system-out>
    <![CDATA[Forgotten Password | Can't Log In | Facebook
https://www.facebook.com/login/identify/?ctx=recover&ars=facebook_login&from_login_screen=0]]>
  </system-out>
</testsuite> <!-- TestNg.testcase2 -->
