<?xml version="1.0" encoding="UTF-8"?>
<!-- Generated by org.testng.reporters.JUnitReportReporter -->
<testsuite hostname="DESKTOP-PTLF5S0" failures="0" tests="1" name="TestNg.test0" time="0.011" errors="0" timestamp="2023-05-19T20:05:20 IST" skipped="0">
  <testcase classname="TestNg.test0" name="demo" time="0.011"/>
  <system-out>
    <![CDATA[hello java
hello selenium]]>
  </system-out>
</testsuite> <!-- TestNg.test0 -->
